<?xml version="1.0" encoding="UTF-8"?>
<testsuite xmlns:xsi="http://www.w3.org/2001/XMLSchema-instance" xsi:noNamespaceSchemaLocation="https://maven.apache.org/surefire/maven-surefire-plugin/xsd/surefire-test-report.xsd" name="TestSuite" time="21.37" tests="10" errors="0" skipped="0" failures="10">
  <properties>
    <property name="sun.desktop" value="windows"/>
    <property name="awt.toolkit" value="sun.awt.windows.WToolkit"/>
    <property name="file.encoding.pkg" value="sun.io"/>
    <property name="java.specification.version" value="1.8"/>
    <property name="sun.cpu.isalist" value="amd64"/>
    <property name="sun.jnu.encoding" value="Cp1252"/>
    <property name="java.class.path" value="C:\Users\vipanshuw\eclipse-workspace\resultIf\target\test-classes;C:\Users\vipanshuw\eclipse-workspace\resultIf\target\classes;C:\Users\vipanshuw\.m2\repository\io\rest-assured\rest-assured\3.3.0\rest-assured-3.3.0.jar;C:\Users\vipanshuw\.m2\repository\org\codehaus\groovy\groovy\2.4.15\groovy-2.4.15.jar;C:\Users\vipanshuw\.m2\repository\org\codehaus\groovy\groovy-xml\2.4.15\groovy-xml-2.4.15.jar;C:\Users\vipanshuw\.m2\repository\org\apache\httpcomponents\httpclient\4.5.3\httpclient-4.5.3.jar;C:\Users\vipanshuw\.m2\repository\org\apache\httpcomponents\httpcore\4.4.6\httpcore-4.4.6.jar;C:\Users\vipanshuw\.m2\repository\commons-logging\commons-logging\1.2\commons-logging-1.2.jar;C:\Users\vipanshuw\.m2\repository\org\apache\httpcomponents\httpmime\4.5.3\httpmime-4.5.3.jar;C:\Users\vipanshuw\.m2\repository\org\hamcrest\hamcrest-core\1.3\hamcrest-core-1.3.jar;C:\Users\vipanshuw\.m2\repository\org\hamcrest\hamcrest-library\1.3\hamcrest-library-1.3.jar;C:\Users\vipanshuw\.m2\repository\org\ccil\cowan\tagsoup\tagsoup\1.2.1\tagsoup-1.2.1.jar;C:\Users\vipanshuw\.m2\repository\io\rest-assured\json-path\3.3.0\json-path-3.3.0.jar;C:\Users\vipanshuw\.m2\repository\org\codehaus\groovy\groovy-json\2.4.15\groovy-json-2.4.15.jar;C:\Users\vipanshuw\.m2\repository\io\rest-assured\rest-assured-common\3.3.0\rest-assured-common-3.3.0.jar;C:\Users\vipanshuw\.m2\repository\io\rest-assured\xml-path\3.3.0\xml-path-3.3.0.jar;C:\Users\vipanshuw\.m2\repository\org\apache\commons\commons-lang3\3.4\commons-lang3-3.4.jar;C:\Users\vipanshuw\.m2\repository\javax\xml\bind\jaxb-api\2.2.12\jaxb-api-2.2.12.jar;C:\Users\vipanshuw\.m2\repository\com\sun\xml\bind\jaxb-osgi\2.2.10\jaxb-osgi-2.2.10.jar;C:\Users\vipanshuw\.m2\repository\org\apache\sling\org.apache.sling.javax.activation\0.1.0\org.apache.sling.javax.activation-0.1.0.jar;C:\Users\vipanshuw\.m2\repository\io\rest-assured\spring-mock-mvc\3.3.0\spring-mock-mvc-3.3.0.jar;C:\Users\vipanshuw\.m2\repository\io\rest-assured\spring-commons\3.3.0\spring-commons-3.3.0.jar;C:\Users\vipanshuw\.m2\repository\org\springframework\spring-test\4.2.6.RELEASE\spring-test-4.2.6.RELEASE.jar;C:\Users\vipanshuw\.m2\repository\org\springframework\spring-core\4.2.6.RELEASE\spring-core-4.2.6.RELEASE.jar;C:\Users\vipanshuw\.m2\repository\org\springframework\spring-webmvc\4.2.6.RELEASE\spring-webmvc-4.2.6.RELEASE.jar;C:\Users\vipanshuw\.m2\repository\org\springframework\spring-beans\4.2.6.RELEASE\spring-beans-4.2.6.RELEASE.jar;C:\Users\vipanshuw\.m2\repository\org\springframework\spring-expression\4.2.6.RELEASE\spring-expression-4.2.6.RELEASE.jar;C:\Users\vipanshuw\.m2\repository\org\springframework\spring-web\4.2.6.RELEASE\spring-web-4.2.6.RELEASE.jar;C:\Users\vipanshuw\.m2\repository\io\rest-assured\spring-web-test-client\3.3.0\spring-web-test-client-3.3.0.jar;C:\Users\vipanshuw\.m2\repository\org\springframework\spring-context\5.1.0.RELEASE\spring-context-5.1.0.RELEASE.jar;C:\Users\vipanshuw\.m2\repository\org\springframework\spring-aop\5.1.0.RELEASE\spring-aop-5.1.0.RELEASE.jar;C:\Users\vipanshuw\.m2\repository\org\springframework\spring-webflux\5.1.0.RELEASE\spring-webflux-5.1.0.RELEASE.jar;C:\Users\vipanshuw\.m2\repository\io\projectreactor\reactor-core\3.2.0.RELEASE\reactor-core-3.2.0.RELEASE.jar;C:\Users\vipanshuw\.m2\repository\org\reactivestreams\reactive-streams\1.0.2\reactive-streams-1.0.2.jar;C:\Users\vipanshuw\.m2\repository\org\slf4j\slf4j-jdk14\1.7.25\slf4j-jdk14-1.7.25.jar;C:\Users\vipanshuw\.m2\repository\org\slf4j\slf4j-api\1.7.25\slf4j-api-1.7.25.jar;C:\Users\vipanshuw\.m2\repository\io\rest-assured\json-schema-validator\3.3.0\json-schema-validator-3.3.0.jar;C:\Users\vipanshuw\.m2\repository\com\github\java-json-tools\json-schema-validator\2.2.10\json-schema-validator-2.2.10.jar;C:\Users\vipanshuw\.m2\repository\com\github\java-json-tools\json-schema-core\1.2.10\json-schema-core-1.2.10.jar;C:\Users\vipanshuw\.m2\repository\com\github\java-json-tools\jackson-coreutils\1.9\jackson-coreutils-1.9.jar;C:\Users\vipanshuw\.m2\repository\com\github\fge\msg-simple\1.1\msg-simple-1.1.jar;C:\Users\vipanshuw\.m2\repository\com\github\fge\btf\1.2\btf-1.2.jar;C:\Users\vipanshuw\.m2\repository\com\github\fge\uri-template\0.9\uri-template-0.9.jar;C:\Users\vipanshuw\.m2\repository\org\mozilla\rhino\1.7.7.1\rhino-1.7.7.1.jar;C:\Users\vipanshuw\.m2\repository\javax\mail\mailapi\1.4.3\mailapi-1.4.3.jar;C:\Users\vipanshuw\.m2\repository\joda-time\joda-time\2.9.7\joda-time-2.9.7.jar;C:\Users\vipanshuw\.m2\repository\com\googlecode\libphonenumber\libphonenumber\8.0.0\libphonenumber-8.0.0.jar;C:\Users\vipanshuw\.m2\repository\com\google\code\findbugs\jsr305\3.0.1\jsr305-3.0.1.jar;C:\Users\vipanshuw\.m2\repository\net\sf\jopt-simple\jopt-simple\5.0.3\jopt-simple-5.0.3.jar;C:\Users\vipanshuw\.m2\repository\io\rest-assured\scala-support\3.3.0\scala-support-3.3.0.jar;C:\Users\vipanshuw\.m2\repository\org\scala-lang\scala-library\2.12.7\scala-library-2.12.7.jar;C:\Users\vipanshuw\.m2\repository\com\fasterxml\jackson\core\jackson-databind\2.6.3\jackson-databind-2.6.3.jar;C:\Users\vipanshuw\.m2\repository\com\fasterxml\jackson\core\jackson-annotations\2.6.0\jackson-annotations-2.6.0.jar;C:\Users\vipanshuw\.m2\repository\com\fasterxml\jackson\core\jackson-core\2.6.3\jackson-core-2.6.3.jar;C:\Users\vipanshuw\.m2\repository\org\testng\testng\6.14.3\testng-6.14.3.jar;C:\Users\vipanshuw\.m2\repository\com\beust\jcommander\1.72\jcommander-1.72.jar;C:\Users\vipanshuw\.m2\repository\org\apache-extras\beanshell\bsh\2.0b6\bsh-2.0b6.jar;C:\Users\vipanshuw\.m2\repository\org\apache\commons\commons-email\1.3\commons-email-1.3.jar;C:\Users\vipanshuw\.m2\repository\javax\mail\mail\1.4.5\mail-1.4.5.jar;C:\Users\vipanshuw\.m2\repository\javax\activation\activation\1.1.1\activation-1.1.1.jar;C:\Users\vipanshuw\.m2\repository\com\relevantcodes\extentreports\2.41.1\extentreports-2.41.1.jar;C:\Users\vipanshuw\.m2\repository\org\jsoup\jsoup\1.8.3\jsoup-1.8.3.jar;C:\Users\vipanshuw\.m2\repository\org\xerial\sqlite-jdbc\3.8.11.1\sqlite-jdbc-3.8.11.1.jar;C:\Users\vipanshuw\.m2\repository\org\freemarker\freemarker\2.3.23\freemarker-2.3.23.jar;C:\Users\vipanshuw\.m2\repository\org\mongodb\mongodb-driver\3.0.4\mongodb-driver-3.0.4.jar;C:\Users\vipanshuw\.m2\repository\org\mongodb\bson\3.0.4\bson-3.0.4.jar;C:\Users\vipanshuw\.m2\repository\org\mongodb\mongodb-driver-core\3.0.4\mongodb-driver-core-3.0.4.jar;C:\Users\vipanshuw\.m2\repository\org\apache\poi\poi\3.12\poi-3.12.jar;C:\Users\vipanshuw\.m2\repository\commons-codec\commons-codec\1.9\commons-codec-1.9.jar;C:\Users\vipanshuw\.m2\repository\org\apache\poi\poi-ooxml\3.12\poi-ooxml-3.12.jar;C:\Users\vipanshuw\.m2\repository\org\apache\poi\poi-ooxml-schemas\3.12\poi-ooxml-schemas-3.12.jar;C:\Users\vipanshuw\.m2\repository\org\apache\xmlbeans\xmlbeans\2.6.0\xmlbeans-2.6.0.jar;C:\Users\vipanshuw\.m2\repository\stax\stax-api\1.0.1\stax-api-1.0.1.jar;C:\Users\vipanshuw\.m2\repository\org\apache\tomcat\maven\tomcat7-maven-plugin\2.2\tomcat7-maven-plugin-2.2.jar;C:\Users\vipanshuw\.m2\repository\org\apache\tomcat\embed\tomcat-embed-core\7.0.47\tomcat-embed-core-7.0.47.jar;C:\Users\vipanshuw\.m2\repository\org\apache\tomcat\tomcat-util\7.0.47\tomcat-util-7.0.47.jar;C:\Users\vipanshuw\.m2\repository\org\apache\tomcat\tomcat-coyote\7.0.47\tomcat-coyote-7.0.47.jar;C:\Users\vipanshuw\.m2\repository\org\apache\tomcat\tomcat-api\7.0.47\tomcat-api-7.0.47.jar;C:\Users\vipanshuw\.m2\repository\org\apache\tomcat\tomcat-jdbc\7.0.47\tomcat-jdbc-7.0.47.jar;C:\Users\vipanshuw\.m2\repository\org\apache\tomcat\tomcat-dbcp\7.0.47\tomcat-dbcp-7.0.47.jar;C:\Users\vipanshuw\.m2\repository\org\apache\tomcat\tomcat-servlet-api\7.0.47\tomcat-servlet-api-7.0.47.jar;C:\Users\vipanshuw\.m2\repository\org\apache\tomcat\tomcat-jsp-api\7.0.47\tomcat-jsp-api-7.0.47.jar;C:\Users\vipanshuw\.m2\repository\org\apache\tomcat\tomcat-jasper\7.0.47\tomcat-jasper-7.0.47.jar;C:\Users\vipanshuw\.m2\repository\org\apache\tomcat\tomcat-jasper-el\7.0.47\tomcat-jasper-el-7.0.47.jar;C:\Users\vipanshuw\.m2\repository\org\apache\tomcat\tomcat-el-api\7.0.47\tomcat-el-api-7.0.47.jar;C:\Users\vipanshuw\.m2\repository\org\apache\tomcat\tomcat-catalina\7.0.47\tomcat-catalina-7.0.47.jar;C:\Users\vipanshuw\.m2\repository\org\apache\tomcat\tomcat-tribes\7.0.47\tomcat-tribes-7.0.47.jar;C:\Users\vipanshuw\.m2\repository\org\apache\tomcat\tomcat-catalina-ha\7.0.47\tomcat-catalina-ha-7.0.47.jar;C:\Users\vipanshuw\.m2\repository\org\apache\tomcat\tomcat-annotations-api\7.0.47\tomcat-annotations-api-7.0.47.jar;C:\Users\vipanshuw\.m2\repository\org\apache\tomcat\tomcat-juli\7.0.47\tomcat-juli-7.0.47.jar;C:\Users\vipanshuw\.m2\repository\org\apache\tomcat\embed\tomcat-embed-logging-juli\7.0.47\tomcat-embed-logging-juli-7.0.47.jar;C:\Users\vipanshuw\.m2\repository\org\apache\tomcat\embed\tomcat-embed-logging-log4j\7.0.47\tomcat-embed-logging-log4j-7.0.47.jar;C:\Users\vipanshuw\.m2\repository\org\eclipse\jdt\core\compiler\ecj\4.2.2\ecj-4.2.2.jar;C:\Users\vipanshuw\.m2\repository\org\apache\tomcat\maven\common-tomcat-maven-plugin\2.2\common-tomcat-maven-plugin-2.2.jar;C:\Users\vipanshuw\.m2\repository\org\apache\maven\maven-project\2.2.1\maven-project-2.2.1.jar;C:\Users\vipanshuw\.m2\repository\org\apache\maven\maven-profile\2.2.1\maven-profile-2.2.1.jar;C:\Users\vipanshuw\.m2\repository\org\apache\maven\maven-artifact-manager\2.2.1\maven-artifact-manager-2.2.1.jar;C:\Users\vipanshuw\.m2\repository\backport-util-concurrent\backport-util-concurrent\3.1\backport-util-concurrent-3.1.jar;C:\Users\vipanshuw\.m2\repository\org\apache\maven\maven-plugin-registry\2.2.1\maven-plugin-registry-2.2.1.jar;C:\Users\vipanshuw\.m2\repository\com\google\guava\guava\10.0.1\guava-10.0.1.jar;C:\Users\vipanshuw\.m2\repository\org\codehaus\plexus\plexus-component-annotations\1.5.5\plexus-component-annotations-1.5.5.jar;C:\Users\vipanshuw\.m2\repository\org\apache\tomcat\maven\tomcat7-war-runner\2.2\tomcat7-war-runner-2.2.jar;C:\Users\vipanshuw\.m2\repository\commons-cli\commons-cli\1.2\commons-cli-1.2.jar;C:\Users\vipanshuw\.m2\repository\org\apache\maven\maven-plugin-api\2.2.1\maven-plugin-api-2.2.1.jar;C:\Users\vipanshuw\.m2\repository\org\apache\maven\maven-archiver\2.4.2\maven-archiver-2.4.2.jar;C:\Users\vipanshuw\.m2\repository\org\apache\maven\maven-artifact\2.0.6\maven-artifact-2.0.6.jar;C:\Users\vipanshuw\.m2\repository\org\apache\maven\maven-model\2.0.6\maven-model-2.0.6.jar;C:\Users\vipanshuw\.m2\repository\org\codehaus\plexus\plexus-interpolation\1.13\plexus-interpolation-1.13.jar;C:\Users\vipanshuw\.m2\repository\org\codehaus\plexus\plexus-classworlds\2.2.2\plexus-classworlds-2.2.2.jar;C:\Users\vipanshuw\.m2\repository\commons-io\commons-io\2.2\commons-io-2.2.jar;C:\Users\vipanshuw\.m2\repository\commons-lang\commons-lang\2.6\commons-lang-2.6.jar;C:\Users\vipanshuw\.m2\repository\org\apache\commons\commons-compress\1.4.1\commons-compress-1.4.1.jar;C:\Users\vipanshuw\.m2\repository\org\tukaani\xz\1.0\xz-1.0.jar;C:\Users\vipanshuw\.m2\repository\org\codehaus\plexus\plexus-archiver\2.1.1\plexus-archiver-2.1.1.jar;C:\Users\vipanshuw\.m2\repository\org\codehaus\plexus\plexus-container-default\1.0-alpha-9-stable-1\plexus-container-default-1.0-alpha-9-stable-1.jar;C:\Users\vipanshuw\.m2\repository\junit\junit\3.8.1\junit-3.8.1.jar;C:\Users\vipanshuw\.m2\repository\classworlds\classworlds\1.1-alpha-2\classworlds-1.1-alpha-2.jar;C:\Users\vipanshuw\.m2\repository\org\codehaus\plexus\plexus-io\2.0.3\plexus-io-2.0.3.jar;C:\Users\vipanshuw\.m2\repository\org\codehaus\plexus\plexus-utils\3.0.15\plexus-utils-3.0.15.jar;C:\Users\vipanshuw\.m2\repository\org\apache\maven\shared\maven-filtering\1.0\maven-filtering-1.0.jar;C:\Users\vipanshuw\.m2\repository\org\apache\maven\maven-core\2.0.6\maven-core-2.0.6.jar;C:\Users\vipanshuw\.m2\repository\org\apache\maven\wagon\wagon-file\1.0-beta-2\wagon-file-1.0-beta-2.jar;C:\Users\vipanshuw\.m2\repository\org\apache\maven\maven-plugin-parameter-documenter\2.0.6\maven-plugin-parameter-documenter-2.0.6.jar;C:\Users\vipanshuw\.m2\repository\org\apache\maven\wagon\wagon-http-lightweight\1.0-beta-2\wagon-http-lightweight-1.0-beta-2.jar;C:\Users\vipanshuw\.m2\repository\org\apache\maven\wagon\wagon-http-shared\1.0-beta-2\wagon-http-shared-1.0-beta-2.jar;C:\Users\vipanshuw\.m2\repository\jtidy\jtidy\4aug2000r7-dev\jtidy-4aug2000r7-dev.jar;C:\Users\vipanshuw\.m2\repository\xml-apis\xml-apis\1.0.b2\xml-apis-1.0.b2.jar;C:\Users\vipanshuw\.m2\repository\org\apache\maven\reporting\maven-reporting-api\2.0.6\maven-reporting-api-2.0.6.jar;C:\Users\vipanshuw\.m2\repository\org\apache\maven\doxia\doxia-sink-api\1.0-alpha-7\doxia-sink-api-1.0-alpha-7.jar;C:\Users\vipanshuw\.m2\repository\org\apache\maven\wagon\wagon-provider-api\1.0-beta-2\wagon-provider-api-1.0-beta-2.jar;C:\Users\vipanshuw\.m2\repository\org\apache\maven\maven-repository-metadata\2.0.6\maven-repository-metadata-2.0.6.jar;C:\Users\vipanshuw\.m2\repository\org\apache\maven\maven-error-diagnostics\2.0.6\maven-error-diagnostics-2.0.6.jar;C:\Users\vipanshuw\.m2\repository\org\apache\maven\wagon\wagon-ssh-external\1.0-beta-2\wagon-ssh-external-1.0-beta-2.jar;C:\Users\vipanshuw\.m2\repository\org\apache\maven\wagon\wagon-ssh-common\1.0-beta-2\wagon-ssh-common-1.0-beta-2.jar;C:\Users\vipanshuw\.m2\repository\org\apache\maven\maven-plugin-descriptor\2.0.6\maven-plugin-descriptor-2.0.6.jar;C:\Users\vipanshuw\.m2\repository\org\codehaus\plexus\plexus-interactivity-api\1.0-alpha-4\plexus-interactivity-api-1.0-alpha-4.jar;C:\Users\vipanshuw\.m2\repository\org\apache\maven\wagon\wagon-ssh\1.0-beta-2\wagon-ssh-1.0-beta-2.jar;C:\Users\vipanshuw\.m2\repository\com\jcraft\jsch\0.1.27\jsch-0.1.27.jar;C:\Users\vipanshuw\.m2\repository\org\apache\maven\maven-monitor\2.0.6\maven-monitor-2.0.6.jar;C:\Users\vipanshuw\.m2\repository\org\apache\maven\maven-settings\2.0.6\maven-settings-2.0.6.jar;C:\Users\vipanshuw\.m2\repository\org\sonatype\plexus\plexus-build-api\0.0.4\plexus-build-api-0.0.4.jar;C:\Users\vipanshuw\.m2\repository\org\slf4j\jcl-over-slf4j\1.7.5\jcl-over-slf4j-1.7.5.jar;"/>
    <property name="java.vm.vendor" value="Oracle Corporation"/>
    <property name="sun.arch.data.model" value="64"/>
    <property name="user.variant" value=""/>
    <property name="java.vendor.url" value="http://java.oracle.com/"/>
    <property name="user.timezone" value="Asia/Calcutta"/>
    <property name="java.vm.specification.version" value="1.8"/>
    <property name="os.name" value="Windows 10"/>
    <property name="user.country" value="IN"/>
    <property name="sun.java.launcher" value="SUN_STANDARD"/>
    <property name="sun.boot.library.path" value="C:\Program Files\Java\jdk1.8.0_191\jre\bin"/>
    <property name="sun.java.command" value="C:\Users\VIPANS~1\AppData\Local\Temp\surefire2658327833064509016\surefirebooter6579589051630243488.jar C:\Users\vipanshuw\AppData\Local\Temp\surefire2658327833064509016 2019-11-15T11-26-03_382-jvmRun1 surefire4928224445064703445tmp surefire_01380132464602672406tmp"/>
    <property name="surefire.test.class.path" value="C:\Users\vipanshuw\eclipse-workspace\resultIf\target\test-classes;C:\Users\vipanshuw\eclipse-workspace\resultIf\target\classes;C:\Users\vipanshuw\.m2\repository\io\rest-assured\rest-assured\3.3.0\rest-assured-3.3.0.jar;C:\Users\vipanshuw\.m2\repository\org\codehaus\groovy\groovy\2.4.15\groovy-2.4.15.jar;C:\Users\vipanshuw\.m2\repository\org\codehaus\groovy\groovy-xml\2.4.15\groovy-xml-2.4.15.jar;C:\Users\vipanshuw\.m2\repository\org\apache\httpcomponents\httpclient\4.5.3\httpclient-4.5.3.jar;C:\Users\vipanshuw\.m2\repository\org\apache\httpcomponents\httpcore\4.4.6\httpcore-4.4.6.jar;C:\Users\vipanshuw\.m2\repository\commons-logging\commons-logging\1.2\commons-logging-1.2.jar;C:\Users\vipanshuw\.m2\repository\org\apache\httpcomponents\httpmime\4.5.3\httpmime-4.5.3.jar;C:\Users\vipanshuw\.m2\repository\org\hamcrest\hamcrest-core\1.3\hamcrest-core-1.3.jar;C:\Users\vipanshuw\.m2\repository\org\hamcrest\hamcrest-library\1.3\hamcrest-library-1.3.jar;C:\Users\vipanshuw\.m2\repository\org\ccil\cowan\tagsoup\tagsoup\1.2.1\tagsoup-1.2.1.jar;C:\Users\vipanshuw\.m2\repository\io\rest-assured\json-path\3.3.0\json-path-3.3.0.jar;C:\Users\vipanshuw\.m2\repository\org\codehaus\groovy\groovy-json\2.4.15\groovy-json-2.4.15.jar;C:\Users\vipanshuw\.m2\repository\io\rest-assured\rest-assured-common\3.3.0\rest-assured-common-3.3.0.jar;C:\Users\vipanshuw\.m2\repository\io\rest-assured\xml-path\3.3.0\xml-path-3.3.0.jar;C:\Users\vipanshuw\.m2\repository\org\apache\commons\commons-lang3\3.4\commons-lang3-3.4.jar;C:\Users\vipanshuw\.m2\repository\javax\xml\bind\jaxb-api\2.2.12\jaxb-api-2.2.12.jar;C:\Users\vipanshuw\.m2\repository\com\sun\xml\bind\jaxb-osgi\2.2.10\jaxb-osgi-2.2.10.jar;C:\Users\vipanshuw\.m2\repository\org\apache\sling\org.apache.sling.javax.activation\0.1.0\org.apache.sling.javax.activation-0.1.0.jar;C:\Users\vipanshuw\.m2\repository\io\rest-assured\spring-mock-mvc\3.3.0\spring-mock-mvc-3.3.0.jar;C:\Users\vipanshuw\.m2\repository\io\rest-assured\spring-commons\3.3.0\spring-commons-3.3.0.jar;C:\Users\vipanshuw\.m2\repository\org\springframework\spring-test\4.2.6.RELEASE\spring-test-4.2.6.RELEASE.jar;C:\Users\vipanshuw\.m2\repository\org\springframework\spring-core\4.2.6.RELEASE\spring-core-4.2.6.RELEASE.jar;C:\Users\vipanshuw\.m2\repository\org\springframework\spring-webmvc\4.2.6.RELEASE\spring-webmvc-4.2.6.RELEASE.jar;C:\Users\vipanshuw\.m2\repository\org\springframework\spring-beans\4.2.6.RELEASE\spring-beans-4.2.6.RELEASE.jar;C:\Users\vipanshuw\.m2\repository\org\springframework\spring-expression\4.2.6.RELEASE\spring-expression-4.2.6.RELEASE.jar;C:\Users\vipanshuw\.m2\repository\org\springframework\spring-web\4.2.6.RELEASE\spring-web-4.2.6.RELEASE.jar;C:\Users\vipanshuw\.m2\repository\io\rest-assured\spring-web-test-client\3.3.0\spring-web-test-client-3.3.0.jar;C:\Users\vipanshuw\.m2\repository\org\springframework\spring-context\5.1.0.RELEASE\spring-context-5.1.0.RELEASE.jar;C:\Users\vipanshuw\.m2\repository\org\springframework\spring-aop\5.1.0.RELEASE\spring-aop-5.1.0.RELEASE.jar;C:\Users\vipanshuw\.m2\repository\org\springframework\spring-webflux\5.1.0.RELEASE\spring-webflux-5.1.0.RELEASE.jar;C:\Users\vipanshuw\.m2\repository\io\projectreactor\reactor-core\3.2.0.RELEASE\reactor-core-3.2.0.RELEASE.jar;C:\Users\vipanshuw\.m2\repository\org\reactivestreams\reactive-streams\1.0.2\reactive-streams-1.0.2.jar;C:\Users\vipanshuw\.m2\repository\org\slf4j\slf4j-jdk14\1.7.25\slf4j-jdk14-1.7.25.jar;C:\Users\vipanshuw\.m2\repository\org\slf4j\slf4j-api\1.7.25\slf4j-api-1.7.25.jar;C:\Users\vipanshuw\.m2\repository\io\rest-assured\json-schema-validator\3.3.0\json-schema-validator-3.3.0.jar;C:\Users\vipanshuw\.m2\repository\com\github\java-json-tools\json-schema-validator\2.2.10\json-schema-validator-2.2.10.jar;C:\Users\vipanshuw\.m2\repository\com\github\java-json-tools\json-schema-core\1.2.10\json-schema-core-1.2.10.jar;C:\Users\vipanshuw\.m2\repository\com\github\java-json-tools\jackson-coreutils\1.9\jackson-coreutils-1.9.jar;C:\Users\vipanshuw\.m2\repository\com\github\fge\msg-simple\1.1\msg-simple-1.1.jar;C:\Users\vipanshuw\.m2\repository\com\github\fge\btf\1.2\btf-1.2.jar;C:\Users\vipanshuw\.m2\repository\com\github\fge\uri-template\0.9\uri-template-0.9.jar;C:\Users\vipanshuw\.m2\repository\org\mozilla\rhino\1.7.7.1\rhino-1.7.7.1.jar;C:\Users\vipanshuw\.m2\repository\javax\mail\mailapi\1.4.3\mailapi-1.4.3.jar;C:\Users\vipanshuw\.m2\repository\joda-time\joda-time\2.9.7\joda-time-2.9.7.jar;C:\Users\vipanshuw\.m2\repository\com\googlecode\libphonenumber\libphonenumber\8.0.0\libphonenumber-8.0.0.jar;C:\Users\vipanshuw\.m2\repository\com\google\code\findbugs\jsr305\3.0.1\jsr305-3.0.1.jar;C:\Users\vipanshuw\.m2\repository\net\sf\jopt-simple\jopt-simple\5.0.3\jopt-simple-5.0.3.jar;C:\Users\vipanshuw\.m2\repository\io\rest-assured\scala-support\3.3.0\scala-support-3.3.0.jar;C:\Users\vipanshuw\.m2\repository\org\scala-lang\scala-library\2.12.7\scala-library-2.12.7.jar;C:\Users\vipanshuw\.m2\repository\com\fasterxml\jackson\core\jackson-databind\2.6.3\jackson-databind-2.6.3.jar;C:\Users\vipanshuw\.m2\repository\com\fasterxml\jackson\core\jackson-annotations\2.6.0\jackson-annotations-2.6.0.jar;C:\Users\vipanshuw\.m2\repository\com\fasterxml\jackson\core\jackson-core\2.6.3\jackson-core-2.6.3.jar;C:\Users\vipanshuw\.m2\repository\org\testng\testng\6.14.3\testng-6.14.3.jar;C:\Users\vipanshuw\.m2\repository\com\beust\jcommander\1.72\jcommander-1.72.jar;C:\Users\vipanshuw\.m2\repository\org\apache-extras\beanshell\bsh\2.0b6\bsh-2.0b6.jar;C:\Users\vipanshuw\.m2\repository\org\apache\commons\commons-email\1.3\commons-email-1.3.jar;C:\Users\vipanshuw\.m2\repository\javax\mail\mail\1.4.5\mail-1.4.5.jar;C:\Users\vipanshuw\.m2\repository\javax\activation\activation\1.1.1\activation-1.1.1.jar;C:\Users\vipanshuw\.m2\repository\com\relevantcodes\extentreports\2.41.1\extentreports-2.41.1.jar;C:\Users\vipanshuw\.m2\repository\org\jsoup\jsoup\1.8.3\jsoup-1.8.3.jar;C:\Users\vipanshuw\.m2\repository\org\xerial\sqlite-jdbc\3.8.11.1\sqlite-jdbc-3.8.11.1.jar;C:\Users\vipanshuw\.m2\repository\org\freemarker\freemarker\2.3.23\freemarker-2.3.23.jar;C:\Users\vipanshuw\.m2\repository\org\mongodb\mongodb-driver\3.0.4\mongodb-driver-3.0.4.jar;C:\Users\vipanshuw\.m2\repository\org\mongodb\bson\3.0.4\bson-3.0.4.jar;C:\Users\vipanshuw\.m2\repository\org\mongodb\mongodb-driver-core\3.0.4\mongodb-driver-core-3.0.4.jar;C:\Users\vipanshuw\.m2\repository\org\apache\poi\poi\3.12\poi-3.12.jar;C:\Users\vipanshuw\.m2\repository\commons-codec\commons-codec\1.9\commons-codec-1.9.jar;C:\Users\vipanshuw\.m2\repository\org\apache\poi\poi-ooxml\3.12\poi-ooxml-3.12.jar;C:\Users\vipanshuw\.m2\repository\org\apache\poi\poi-ooxml-schemas\3.12\poi-ooxml-schemas-3.12.jar;C:\Users\vipanshuw\.m2\repository\org\apache\xmlbeans\xmlbeans\2.6.0\xmlbeans-2.6.0.jar;C:\Users\vipanshuw\.m2\repository\stax\stax-api\1.0.1\stax-api-1.0.1.jar;C:\Users\vipanshuw\.m2\repository\org\apache\tomcat\maven\tomcat7-maven-plugin\2.2\tomcat7-maven-plugin-2.2.jar;C:\Users\vipanshuw\.m2\repository\org\apache\tomcat\embed\tomcat-embed-core\7.0.47\tomcat-embed-core-7.0.47.jar;C:\Users\vipanshuw\.m2\repository\org\apache\tomcat\tomcat-util\7.0.47\tomcat-util-7.0.47.jar;C:\Users\vipanshuw\.m2\repository\org\apache\tomcat\tomcat-coyote\7.0.47\tomcat-coyote-7.0.47.jar;C:\Users\vipanshuw\.m2\repository\org\apache\tomcat\tomcat-api\7.0.47\tomcat-api-7.0.47.jar;C:\Users\vipanshuw\.m2\repository\org\apache\tomcat\tomcat-jdbc\7.0.47\tomcat-jdbc-7.0.47.jar;C:\Users\vipanshuw\.m2\repository\org\apache\tomcat\tomcat-dbcp\7.0.47\tomcat-dbcp-7.0.47.jar;C:\Users\vipanshuw\.m2\repository\org\apache\tomcat\tomcat-servlet-api\7.0.47\tomcat-servlet-api-7.0.47.jar;C:\Users\vipanshuw\.m2\repository\org\apache\tomcat\tomcat-jsp-api\7.0.47\tomcat-jsp-api-7.0.47.jar;C:\Users\vipanshuw\.m2\repository\org\apache\tomcat\tomcat-jasper\7.0.47\tomcat-jasper-7.0.47.jar;C:\Users\vipanshuw\.m2\repository\org\apache\tomcat\tomcat-jasper-el\7.0.47\tomcat-jasper-el-7.0.47.jar;C:\Users\vipanshuw\.m2\repository\org\apache\tomcat\tomcat-el-api\7.0.47\tomcat-el-api-7.0.47.jar;C:\Users\vipanshuw\.m2\repository\org\apache\tomcat\tomcat-catalina\7.0.47\tomcat-catalina-7.0.47.jar;C:\Users\vipanshuw\.m2\repository\org\apache\tomcat\tomcat-tribes\7.0.47\tomcat-tribes-7.0.47.jar;C:\Users\vipanshuw\.m2\repository\org\apache\tomcat\tomcat-catalina-ha\7.0.47\tomcat-catalina-ha-7.0.47.jar;C:\Users\vipanshuw\.m2\repository\org\apache\tomcat\tomcat-annotations-api\7.0.47\tomcat-annotations-api-7.0.47.jar;C:\Users\vipanshuw\.m2\repository\org\apache\tomcat\tomcat-juli\7.0.47\tomcat-juli-7.0.47.jar;C:\Users\vipanshuw\.m2\repository\org\apache\tomcat\embed\tomcat-embed-logging-juli\7.0.47\tomcat-embed-logging-juli-7.0.47.jar;C:\Users\vipanshuw\.m2\repository\org\apache\tomcat\embed\tomcat-embed-logging-log4j\7.0.47\tomcat-embed-logging-log4j-7.0.47.jar;C:\Users\vipanshuw\.m2\repository\org\eclipse\jdt\core\compiler\ecj\4.2.2\ecj-4.2.2.jar;C:\Users\vipanshuw\.m2\repository\org\apache\tomcat\maven\common-tomcat-maven-plugin\2.2\common-tomcat-maven-plugin-2.2.jar;C:\Users\vipanshuw\.m2\repository\org\apache\maven\maven-project\2.2.1\maven-project-2.2.1.jar;C:\Users\vipanshuw\.m2\repository\org\apache\maven\maven-profile\2.2.1\maven-profile-2.2.1.jar;C:\Users\vipanshuw\.m2\repository\org\apache\maven\maven-artifact-manager\2.2.1\maven-artifact-manager-2.2.1.jar;C:\Users\vipanshuw\.m2\repository\backport-util-concurrent\backport-util-concurrent\3.1\backport-util-concurrent-3.1.jar;C:\Users\vipanshuw\.m2\repository\org\apache\maven\maven-plugin-registry\2.2.1\maven-plugin-registry-2.2.1.jar;C:\Users\vipanshuw\.m2\repository\com\google\guava\guava\10.0.1\guava-10.0.1.jar;C:\Users\vipanshuw\.m2\repository\org\codehaus\plexus\plexus-component-annotations\1.5.5\plexus-component-annotations-1.5.5.jar;C:\Users\vipanshuw\.m2\repository\org\apache\tomcat\maven\tomcat7-war-runner\2.2\tomcat7-war-runner-2.2.jar;C:\Users\vipanshuw\.m2\repository\commons-cli\commons-cli\1.2\commons-cli-1.2.jar;C:\Users\vipanshuw\.m2\repository\org\apache\maven\maven-plugin-api\2.2.1\maven-plugin-api-2.2.1.jar;C:\Users\vipanshuw\.m2\repository\org\apache\maven\maven-archiver\2.4.2\maven-archiver-2.4.2.jar;C:\Users\vipanshuw\.m2\repository\org\apache\maven\maven-artifact\2.0.6\maven-artifact-2.0.6.jar;C:\Users\vipanshuw\.m2\repository\org\apache\maven\maven-model\2.0.6\maven-model-2.0.6.jar;C:\Users\vipanshuw\.m2\repository\org\codehaus\plexus\plexus-interpolation\1.13\plexus-interpolation-1.13.jar;C:\Users\vipanshuw\.m2\repository\org\codehaus\plexus\plexus-classworlds\2.2.2\plexus-classworlds-2.2.2.jar;C:\Users\vipanshuw\.m2\repository\commons-io\commons-io\2.2\commons-io-2.2.jar;C:\Users\vipanshuw\.m2\repository\commons-lang\commons-lang\2.6\commons-lang-2.6.jar;C:\Users\vipanshuw\.m2\repository\org\apache\commons\commons-compress\1.4.1\commons-compress-1.4.1.jar;C:\Users\vipanshuw\.m2\repository\org\tukaani\xz\1.0\xz-1.0.jar;C:\Users\vipanshuw\.m2\repository\org\codehaus\plexus\plexus-archiver\2.1.1\plexus-archiver-2.1.1.jar;C:\Users\vipanshuw\.m2\repository\org\codehaus\plexus\plexus-container-default\1.0-alpha-9-stable-1\plexus-container-default-1.0-alpha-9-stable-1.jar;C:\Users\vipanshuw\.m2\repository\junit\junit\3.8.1\junit-3.8.1.jar;C:\Users\vipanshuw\.m2\repository\classworlds\classworlds\1.1-alpha-2\classworlds-1.1-alpha-2.jar;C:\Users\vipanshuw\.m2\repository\org\codehaus\plexus\plexus-io\2.0.3\plexus-io-2.0.3.jar;C:\Users\vipanshuw\.m2\repository\org\codehaus\plexus\plexus-utils\3.0.15\plexus-utils-3.0.15.jar;C:\Users\vipanshuw\.m2\repository\org\apache\maven\shared\maven-filtering\1.0\maven-filtering-1.0.jar;C:\Users\vipanshuw\.m2\repository\org\apache\maven\maven-core\2.0.6\maven-core-2.0.6.jar;C:\Users\vipanshuw\.m2\repository\org\apache\maven\wagon\wagon-file\1.0-beta-2\wagon-file-1.0-beta-2.jar;C:\Users\vipanshuw\.m2\repository\org\apache\maven\maven-plugin-parameter-documenter\2.0.6\maven-plugin-parameter-documenter-2.0.6.jar;C:\Users\vipanshuw\.m2\repository\org\apache\maven\wagon\wagon-http-lightweight\1.0-beta-2\wagon-http-lightweight-1.0-beta-2.jar;C:\Users\vipanshuw\.m2\repository\org\apache\maven\wagon\wagon-http-shared\1.0-beta-2\wagon-http-shared-1.0-beta-2.jar;C:\Users\vipanshuw\.m2\repository\jtidy\jtidy\4aug2000r7-dev\jtidy-4aug2000r7-dev.jar;C:\Users\vipanshuw\.m2\repository\xml-apis\xml-apis\1.0.b2\xml-apis-1.0.b2.jar;C:\Users\vipanshuw\.m2\repository\org\apache\maven\reporting\maven-reporting-api\2.0.6\maven-reporting-api-2.0.6.jar;C:\Users\vipanshuw\.m2\repository\org\apache\maven\doxia\doxia-sink-api\1.0-alpha-7\doxia-sink-api-1.0-alpha-7.jar;C:\Users\vipanshuw\.m2\repository\org\apache\maven\wagon\wagon-provider-api\1.0-beta-2\wagon-provider-api-1.0-beta-2.jar;C:\Users\vipanshuw\.m2\repository\org\apache\maven\maven-repository-metadata\2.0.6\maven-repository-metadata-2.0.6.jar;C:\Users\vipanshuw\.m2\repository\org\apache\maven\maven-error-diagnostics\2.0.6\maven-error-diagnostics-2.0.6.jar;C:\Users\vipanshuw\.m2\repository\org\apache\maven\wagon\wagon-ssh-external\1.0-beta-2\wagon-ssh-external-1.0-beta-2.jar;C:\Users\vipanshuw\.m2\repository\org\apache\maven\wagon\wagon-ssh-common\1.0-beta-2\wagon-ssh-common-1.0-beta-2.jar;C:\Users\vipanshuw\.m2\repository\org\apache\maven\maven-plugin-descriptor\2.0.6\maven-plugin-descriptor-2.0.6.jar;C:\Users\vipanshuw\.m2\repository\org\codehaus\plexus\plexus-interactivity-api\1.0-alpha-4\plexus-interactivity-api-1.0-alpha-4.jar;C:\Users\vipanshuw\.m2\repository\org\apache\maven\wagon\wagon-ssh\1.0-beta-2\wagon-ssh-1.0-beta-2.jar;C:\Users\vipanshuw\.m2\repository\com\jcraft\jsch\0.1.27\jsch-0.1.27.jar;C:\Users\vipanshuw\.m2\repository\org\apache\maven\maven-monitor\2.0.6\maven-monitor-2.0.6.jar;C:\Users\vipanshuw\.m2\repository\org\apache\maven\maven-settings\2.0.6\maven-settings-2.0.6.jar;C:\Users\vipanshuw\.m2\repository\org\sonatype\plexus\plexus-build-api\0.0.4\plexus-build-api-0.0.4.jar;C:\Users\vipanshuw\.m2\repository\org\slf4j\jcl-over-slf4j\1.7.5\jcl-over-slf4j-1.7.5.jar;"/>
    <property name="sun.cpu.endian" value="little"/>
    <property name="user.home" value="C:\Users\vipanshuw"/>
    <property name="user.language" value="en"/>
    <property name="java.specification.vendor" value="Oracle Corporation"/>
    <property name="java.home" value="C:\Program Files\Java\jdk1.8.0_191\jre"/>
    <property name="basedir" value="C:\Users\vipanshuw\eclipse-workspace\resultIf"/>
    <property name="file.separator" value="\"/>
    <property name="line.separator" value="&#10;"/>
    <property name="java.vm.specification.vendor" value="Oracle Corporation"/>
    <property name="java.specification.name" value="Java Platform API Specification"/>
    <property name="java.awt.graphicsenv" value="sun.awt.Win32GraphicsEnvironment"/>
    <property name="surefire.real.class.path" value="C:\Users\VIPANS~1\AppData\Local\Temp\surefire2658327833064509016\surefirebooter6579589051630243488.jar"/>
    <property name="sun.boot.class.path" value="C:\Program Files\Java\jdk1.8.0_191\jre\lib\resources.jar;C:\Program Files\Java\jdk1.8.0_191\jre\lib\rt.jar;C:\Program Files\Java\jdk1.8.0_191\jre\lib\sunrsasign.jar;C:\Program Files\Java\jdk1.8.0_191\jre\lib\jsse.jar;C:\Program Files\Java\jdk1.8.0_191\jre\lib\jce.jar;C:\Program Files\Java\jdk1.8.0_191\jre\lib\charsets.jar;C:\Program Files\Java\jdk1.8.0_191\jre\lib\jfr.jar;C:\Program Files\Java\jdk1.8.0_191\jre\classes"/>
    <property name="user.script" value=""/>
    <property name="sun.management.compiler" value="HotSpot 64-Bit Tiered Compilers"/>
    <property name="java.runtime.version" value="1.8.0_191-b12"/>
    <property name="user.name" value="VipanshuW"/>
    <property name="path.separator" value=";"/>
    <property name="os.version" value="10.0"/>
    <property name="java.endorsed.dirs" value="C:\Program Files\Java\jdk1.8.0_191\jre\lib\endorsed"/>
    <property name="java.runtime.name" value="Java(TM) SE Runtime Environment"/>
    <property name="file.encoding" value="Cp1252"/>
    <property name="java.vm.name" value="Java HotSpot(TM) 64-Bit Server VM"/>
    <property name="localRepository" value="C:\Users\vipanshuw\.m2\repository"/>
    <property name="java.vendor.url.bug" value="http://bugreport.sun.com/bugreport/"/>
    <property name="java.io.tmpdir" value="C:\Users\VIPANS~1\AppData\Local\Temp\"/>
    <property name="java.version" value="1.8.0_191"/>
    <property name="user.dir" value="C:\Users\vipanshuw\eclipse-workspace\resultIf"/>
    <property name="os.arch" value="amd64"/>
    <property name="java.vm.specification.name" value="Java Virtual Machine Specification"/>
    <property name="java.awt.printerjob" value="sun.awt.windows.WPrinterJob"/>
    <property name="sun.os.patch.level" value=""/>
    <property name="java.library.path" value="C:\Program Files\Java\jdk1.8.0_191\jre\bin;C:\WINDOWS\Sun\Java\bin;C:\WINDOWS\system32;C:\WINDOWS;C:\apache-maven-3.6.0/bin;C:\Program Files\Java\jdk1.8.0_191/bin;C:\Program Files\Java\jdk1.8.0_191/bin;C:\Program Files\Microsoft MPI\Bin\;C:\Program Files (x86)\Common Files\Oracle\Java\javapath;C:\ProgramData\Oracle\Java\javapath;C:\Program Files (x86)\Intel\Intel(R) Management Engine Components\iCLS\;C:\Program Files\Intel\Intel(R) Management Engine Components\iCLS\;C:\WINDOWS\system32;C:\WINDOWS;C:\WINDOWS\System32\Wbem;C:\WINDOWS\System32\WindowsPowerShell\v1.0\;C:\WINDOWS\System32\OpenSSH\;C:\Program Files (x86)\Intel\Intel(R) Management Engine Components\DAL;C:\Program Files\Intel\Intel(R) Management Engine Components\DAL;C:\Program Files (x86)\Intel\Intel(R) Management Engine Components\IPT;C:\Program Files\Intel\Intel(R) Management Engine Components\IPT;C:\Program Files\Java\jdk1.8.0_191\bin;C:\Program Files (x86)\Microsoft SQL Server\140\Tools\Binn\;C:\Program Files\Microsoft SQL Server\140\Tools\Binn\;C:\Program Files (x86)\Microsoft SQL Server\140\DTS\Binn\;C:\Program Files\Microsoft SQL Server\140\DTS\Binn\;C:\Program Files\Microsoft SQL Server\Client SDK\ODBC\130\Tools\Binn\;C:\Program Files (x86)\Microsoft SQL Server\Client SDK\ODBC\130\Tools\Binn\;C:\Program Files (x86)\Microsoft SQL Server\130\Tools\Binn\;C:\Program Files (x86)\Microsoft SQL Server\130\DTS\Binn\;C:\Program Files (x86)\Microsoft SQL Server\130\Tools\Binn\ManagementStudio\;C:\apache-maven-3.6.0\bin;C:\Program Files\dotnet\;C:\Program Files\Microsoft SQL Server\130\Tools\Binn\;C:\Program Files\nodejs\;C:\Users\vipanshuw\AppData\Local\Microsoft\WindowsApps;C:\Users\vipanshuw\AppData\Local\Programs\Git\cmd;C:\Users\vipanshuw\AppData\Roaming\npm;;."/>
    <property name="java.vm.info" value="mixed mode"/>
    <property name="java.vendor" value="Oracle Corporation"/>
    <property name="java.vm.version" value="25.191-b12"/>
    <property name="java.ext.dirs" value="C:\Program Files\Java\jdk1.8.0_191\jre\lib\ext;C:\WINDOWS\Sun\Java\lib\ext"/>
    <property name="sun.io.unicode.encoding" value="UnicodeLittle"/>
    <property name="java.class.version" value="52.0"/>
  </properties>
  <testcase name="LccDomesticOneWayOneAdult_Case1" classname="TestResultCount.TestResultCount" time="3.31">
    <failure message="Cannot invoke method getAt() on null object" type="java.lang.IllegalArgumentException">java.lang.IllegalArgumentException: Cannot invoke method getAt() on null object
	at TestResultCount.TestResultCount.LccDomesticOneWayOneAdult_Case1(TestResultCount.java:33)
Caused by: java.lang.NullPointerException: Cannot invoke method getAt() on null object
	at TestResultCount.TestResultCount.LccDomesticOneWayOneAdult_Case1(TestResultCount.java:33)
</failure>
    <system-out><![CDATA[{"origin":"DAC","destination":"JSR","preferredDepartureTime":"2019-12-22T00:00:00","preferredAirlines":[],"preferredArrivalTime":"2019-12-24T00:00:00"}
{"segment":[{"origin":"DAC","destination":"JSR","preferredDepartureTime":"2019-12-22T00:00:00","preferredAirlines":[],"preferredArrivalTime":"2019-12-24T00:00:00"}],"ipaddress":"192.168.6.68","tokenId":"4d777294-6362-4a88-92dc-720b25bf87e0","journeyType":1,"adultCount":1,"infantCount":0,"childCount":0,"flightCabinClass":1,"preferredCarrier":null}
Elapsed time in milliseconds in oneway search: 2754
Error message is Authentication Failure
]]></system-out>
  </testcase>
  <testcase name="DomesticOneWayOneAdult_Case1" classname="TestResultCount.TestResultCount" time="1.002">
    <failure message="Cannot invoke method getAt() on null object" type="java.lang.IllegalArgumentException">java.lang.IllegalArgumentException: Cannot invoke method getAt() on null object
	at TestResultCount.TestResultCount.DomesticOneWayOneAdult_Case1(TestResultCount.java:40)
Caused by: java.lang.NullPointerException: Cannot invoke method getAt() on null object
	at TestResultCount.TestResultCount.DomesticOneWayOneAdult_Case1(TestResultCount.java:40)
</failure>
    <system-out><![CDATA[{"origin":"BKK","destination":"SIN","preferredDepartureTime":"2019-12-22T00:00:00","preferredAirlines":[],"preferredArrivalTime":"2019-12-24T00:00:00"}
{"segment":[{"origin":"BKK","destination":"SIN","preferredDepartureTime":"2019-12-22T00:00:00","preferredAirlines":[],"preferredArrivalTime":"2019-12-24T00:00:00"}],"ipaddress":"192.168.6.68","tokenId":"4d777294-6362-4a88-92dc-720b25bf87e0","journeyType":1,"adultCount":1,"infantCount":0,"childCount":0,"flightCabinClass":1,"preferredCarrier":null}
Elapsed time in milliseconds in oneway search: 969
Error message is Authentication Failure
]]></system-out>
  </testcase>
  <testcase name="DomesticOneWayTwoAdult_Case1" classname="TestResultCount.TestResultCount" time="0.951">
    <failure message="Cannot invoke method getAt() on null object" type="java.lang.IllegalArgumentException">java.lang.IllegalArgumentException: Cannot invoke method getAt() on null object
	at TestResultCount.TestResultCount.DomesticOneWayTwoAdult_Case1(TestResultCount.java:47)
Caused by: java.lang.NullPointerException: Cannot invoke method getAt() on null object
	at TestResultCount.TestResultCount.DomesticOneWayTwoAdult_Case1(TestResultCount.java:47)
</failure>
    <system-out><![CDATA[{"origin":"DXB","destination":"MNN","preferredDepartureTime":"2019-12-22T00:00:00","preferredAirlines":[],"preferredArrivalTime":"2019-12-24T00:00:00"}
{"segment":[{"origin":"DXB","destination":"MNN","preferredDepartureTime":"2019-12-22T00:00:00","preferredAirlines":[],"preferredArrivalTime":"2019-12-24T00:00:00"}],"ipaddress":"192.168.6.68","tokenId":"4d777294-6362-4a88-92dc-720b25bf87e0","journeyType":1,"adultCount":1,"infantCount":0,"childCount":0,"flightCabinClass":1,"preferredCarrier":null}
Elapsed time in milliseconds in oneway search: 922
Error message is Authentication Failure
]]></system-out>
  </testcase>
  <testcase name="DomesticOneWayTAdult1_Case1" classname="TestResultCount.TestResultCount" time="0.95">
    <failure message="Cannot invoke method getAt() on null object" type="java.lang.IllegalArgumentException">java.lang.IllegalArgumentException: Cannot invoke method getAt() on null object
	at TestResultCount.TestResultCount.DomesticOneWayTAdult1_Case1(TestResultCount.java:54)
Caused by: java.lang.NullPointerException: Cannot invoke method getAt() on null object
	at TestResultCount.TestResultCount.DomesticOneWayTAdult1_Case1(TestResultCount.java:54)
</failure>
    <system-out><![CDATA[{"origin":"CAI","destination":"DXB","preferredDepartureTime":"2019-12-22T00:00:00","preferredAirlines":[],"preferredArrivalTime":"2019-12-24T00:00:00"}
{"segment":[{"origin":"CAI","destination":"DXB","preferredDepartureTime":"2019-12-22T00:00:00","preferredAirlines":[],"preferredArrivalTime":"2019-12-24T00:00:00"}],"ipaddress":"192.168.6.68","tokenId":"4d777294-6362-4a88-92dc-720b25bf87e0","journeyType":1,"adultCount":1,"infantCount":0,"childCount":0,"flightCabinClass":1,"preferredCarrier":null}
Elapsed time in milliseconds in oneway search: 916
Error message is Authentication Failure
]]></system-out>
  </testcase>
  <testcase name="AirArabia_Case1" classname="TestResultCount.TestResultCount" time="1.048">
    <failure message="Cannot invoke method getAt() on null object" type="java.lang.IllegalArgumentException">java.lang.IllegalArgumentException: Cannot invoke method getAt() on null object
	at TestResultCount.TestResultCount.AirArabia_Case1(TestResultCount.java:67)
Caused by: java.lang.NullPointerException: Cannot invoke method getAt() on null object
	at TestResultCount.TestResultCount.AirArabia_Case1(TestResultCount.java:67)
</failure>
    <system-out><![CDATA[{"origin":"SHJ","destination":"COK","preferredDepartureTime":"2019-12-22T00:00:00","preferredAirlines":[],"preferredArrivalTime":"2019-12-24T00:00:00"}
{"segment":[{"origin":"SHJ","destination":"COK","preferredDepartureTime":"2019-12-22T00:00:00","preferredAirlines":[],"preferredArrivalTime":"2019-12-24T00:00:00"}],"ipaddress":"192.168.6.68","tokenId":"4d777294-6362-4a88-92dc-720b25bf87e0","journeyType":1,"adultCount":1,"infantCount":0,"childCount":0,"flightCabinClass":1,"preferredCarrier":null}
Elapsed time in milliseconds in oneway search: 914
Error message is Authentication Failure
]]></system-out>
  </testcase>
  <testcase name="Sabre_Case1" classname="TestResultCount.TestResultCount" time="1.028">
    <failure message="Cannot invoke method getAt() on null object" type="java.lang.IllegalArgumentException">java.lang.IllegalArgumentException: Cannot invoke method getAt() on null object
	at TestResultCount.TestResultCount.Sabre_Case1(TestResultCount.java:74)
Caused by: java.lang.NullPointerException: Cannot invoke method getAt() on null object
	at TestResultCount.TestResultCount.Sabre_Case1(TestResultCount.java:74)
</failure>
    <system-out><![CDATA[{"origin":"MNL","destination":"HKG","preferredDepartureTime":"2019-12-22T00:00:00","preferredAirlines":[],"preferredArrivalTime":"2019-12-24T00:00:00"}
{"segment":[{"origin":"MNL","destination":"HKG","preferredDepartureTime":"2019-12-22T00:00:00","preferredAirlines":[],"preferredArrivalTime":"2019-12-24T00:00:00"}],"ipaddress":"192.168.6.68","tokenId":"4d777294-6362-4a88-92dc-720b25bf87e0","journeyType":1,"adultCount":1,"infantCount":0,"childCount":0,"flightCabinClass":1,"preferredCarrier":null}
Elapsed time in milliseconds in oneway search: 992
Error message is Authentication Failure
]]></system-out>
  </testcase>
  <testcase name="Mondee_Case1" classname="TestResultCount.TestResultCount" time="1.491">
    <failure message="Cannot invoke method getAt() on null object" type="java.lang.IllegalArgumentException">java.lang.IllegalArgumentException: Cannot invoke method getAt() on null object
	at TestResultCount.TestResultCount.Mondee_Case1(TestResultCount.java:87)
Caused by: java.lang.NullPointerException: Cannot invoke method getAt() on null object
	at TestResultCount.TestResultCount.Mondee_Case1(TestResultCount.java:87)
</failure>
    <system-out><![CDATA[{"origin":"LAX","destination":"SIN","preferredDepartureTime":"2019-12-22T00:00:00","preferredAirlines":[],"preferredArrivalTime":"2019-12-24T00:00:00"}
{"segment":[{"origin":"LAX","destination":"SIN","preferredDepartureTime":"2019-12-22T00:00:00","preferredAirlines":[],"preferredArrivalTime":"2019-12-24T00:00:00"}],"ipaddress":"192.168.6.68","tokenId":"4d777294-6362-4a88-92dc-720b25bf87e0","journeyType":1,"adultCount":1,"infantCount":0,"childCount":0,"flightCabinClass":1,"preferredCarrier":null}
Elapsed time in milliseconds in oneway search: 1467
Error message is Authentication Failure
]]></system-out>
  </testcase>
  <testcase name="PegasusAirways_Case1" classname="TestResultCount.TestResultCount" time="1.02">
    <failure message="Cannot invoke method getAt() on null object" type="java.lang.IllegalArgumentException">java.lang.IllegalArgumentException: Cannot invoke method getAt() on null object
	at TestResultCount.TestResultCount.PegasusAirways_Case1(TestResultCount.java:111)
Caused by: java.lang.NullPointerException: Cannot invoke method getAt() on null object
	at TestResultCount.TestResultCount.PegasusAirways_Case1(TestResultCount.java:111)
</failure>
    <system-out><![CDATA[{"origin":"CGK","destination":"JED","preferredDepartureTime":"2019-12-22T00:00:00","preferredAirlines":[],"preferredArrivalTime":"2019-12-24T00:00:00"}
{"segment":[{"origin":"CGK","destination":"JED","preferredDepartureTime":"2019-12-22T00:00:00","preferredAirlines":[],"preferredArrivalTime":"2019-12-24T00:00:00"}],"ipaddress":"192.168.6.68","tokenId":"4d777294-6362-4a88-92dc-720b25bf87e0","journeyType":1,"adultCount":1,"infantCount":0,"childCount":0,"flightCabinClass":1,"preferredCarrier":null}
Elapsed time in milliseconds in oneway search: 983
Error message is Authentication Failure
]]></system-out>
  </testcase>
  <testcase name="AvivaCenterAmadeus_Case1" classname="TestResultCount.TestResultCount" time="0.96">
    <failure message="Cannot invoke method getAt() on null object" type="java.lang.IllegalArgumentException">java.lang.IllegalArgumentException: Cannot invoke method getAt() on null object
	at TestResultCount.TestResultCount.AvivaCenterAmadeus_Case1(TestResultCount.java:118)
Caused by: java.lang.NullPointerException: Cannot invoke method getAt() on null object
	at TestResultCount.TestResultCount.AvivaCenterAmadeus_Case1(TestResultCount.java:118)
</failure>
    <system-out><![CDATA[{"origin":"CAN","destination":"PEK","preferredDepartureTime":"2019-12-22T00:00:00","preferredAirlines":[],"preferredArrivalTime":"2019-12-24T00:00:00"}
{"segment":[{"origin":"CAN","destination":"PEK","preferredDepartureTime":"2019-12-22T00:00:00","preferredAirlines":[],"preferredArrivalTime":"2019-12-24T00:00:00"}],"ipaddress":"192.168.6.68","tokenId":"4d777294-6362-4a88-92dc-720b25bf87e0","journeyType":1,"adultCount":1,"infantCount":0,"childCount":0,"flightCabinClass":1,"preferredCarrier":null}
Elapsed time in milliseconds in oneway search: 920
Error message is Authentication Failure
]]></system-out>
  </testcase>
  <testcase name="FlightExperAmadeus_Case1" classname="TestResultCount.TestResultCount" time="0.944">
    <failure message="Cannot invoke method getAt() on null object" type="java.lang.IllegalArgumentException">java.lang.IllegalArgumentException: Cannot invoke method getAt() on null object
	at TestResultCount.TestResultCount.FlightExperAmadeus_Case1(TestResultCount.java:125)
Caused by: java.lang.NullPointerException: Cannot invoke method getAt() on null object
	at TestResultCount.TestResultCount.FlightExperAmadeus_Case1(TestResultCount.java:125)
</failure>
    <system-out><![CDATA[{"origin":"GYD","destination":"TBS","preferredDepartureTime":"2019-12-22T00:00:00","preferredAirlines":[],"preferredArrivalTime":"2019-12-24T00:00:00"}
{"segment":[{"origin":"GYD","destination":"TBS","preferredDepartureTime":"2019-12-22T00:00:00","preferredAirlines":[],"preferredArrivalTime":"2019-12-24T00:00:00"}],"ipaddress":"192.168.6.68","tokenId":"4d777294-6362-4a88-92dc-720b25bf87e0","journeyType":1,"adultCount":1,"infantCount":0,"childCount":0,"flightCabinClass":1,"preferredCarrier":null}
Elapsed time in milliseconds in oneway search: 910
Error message is Authentication Failure
]]></system-out>
  </testcase>
</testsuite>